{
  "stats": {
    "suites": 1,
    "tests": 1,
    "passes": 0,
    "pending": 0,
    "failures": 1,
    "start": "2024-05-27T07:44:32.983Z",
    "end": "2024-05-27T07:44:58.931Z",
    "duration": 25948,
    "testsRegistered": 1,
    "passPercent": 0,
    "pendingPercent": 0,
    "other": 0,
    "hasOther": false,
    "skipped": 0,
    "hasSkipped": false
  },
  "results": [
    {
      "uuid": "acae88f0-69b5-4bf0-bbda-ec6b21eb3990",
      "title": "",
      "fullFile": "cypress\\e2e\\Features.cy.js",
      "file": "cypress\\e2e\\Features.cy.js",
      "beforeHooks": [],
      "afterHooks": [],
      "tests": [],
      "suites": [
        {
          "uuid": "2a7ab54c-f2e4-4a68-8292-10c29340238d",
          "title": "Verifying Fullstack",
          "fullFile": "",
          "file": "",
          "beforeHooks": [],
          "afterHooks": [],
          "tests": [
            {
              "title": "Verifying Full Flow of features",
              "fullTitle": "Verifying Fullstack Verifying Full Flow of features",
              "timedOut": null,
              "duration": 21108,
              "state": "failed",
              "speed": null,
              "pass": false,
              "fail": true,
              "pending": false,
              "context": "[\n  {\n    \"title\": \"cypress-mochawesome-reporter-videos-failed\",\n    \"value\": \"cypress\\\\e2e\\\\Features.cy.js\"\n  },\n  {\n    \"title\": \"cypress-mochawesome-reporter-screenshots\",\n    \"value\": [\n      [\n        \"\\\\Features.cy.js\\\\Verifying Fullstack -- Verifying Full Flow of features (failed).png\"\n      ]\n    ]\n  }\n]",
              "code": "cy.get('#js-navbar-server > .navbar-group-btn').click();\ncy.get('#js-navbar-server > [data-qa=\"nav-sub-group\"] > :nth-child(1) > .navbar-sub-group-btn').click().should('be.visible');\ncy.wait(4000);\n//cy.get('#select-box-activator-0 > vwo-transclude > [data-qa=\"oqanadxozu\"]').click()\n//cy.get('#select-box-next-option-0-2 > [data-qa=\"uugosdfapi\"] > [data-qa=\"katugomaju\"] > .select-box-option').click()\ncy.get('[data-qa=\"btn-create\"]').click({\n  force: true\n});\ncy.get('[data-qa=\"fofuvusuqu\"]').type('Javascript');\ncy.get('[data-qa=\"xuwahaqenu\"]').click();\ncy.get('[data-qa=\"gobikixeri\"]').type('Char');\ncy.get('[data-qa=\"oqanadxozu\"]').click();\ncy.get('#select-box-next-option-3-2 > [data-qa=\"uugosdfapi\"] > [data-qa=\"katugomaju\"] > .select-box-option').click();\ncy.get('[data-qa=\"tojuheliho\"]').type('Demo');\ncy.get('[data-qa=\"1Ip2vuhc7csn1A7SG83\"]').click();",
              "err": {
                "message": "AssertionError: Timed out retrying after 4000ms: Expected to find element: `#js-navbar-server > .navbar-group-btn`, but never found it.",
                "estack": "AssertionError: Timed out retrying after 4000ms: Expected to find element: `#js-navbar-server > .navbar-group-btn`, but never found it.\n    at Context.eval (webpack:///./cypress/e2e/Features.cy.js:15:11)",
                "diff": null
              },
              "uuid": "4261dbe0-bf30-453a-bfd9-f468c5258fe7",
              "parentUUID": "2a7ab54c-f2e4-4a68-8292-10c29340238d",
              "isHook": false,
              "skipped": false
            }
          ],
          "suites": [],
          "passes": [],
          "failures": [
            "4261dbe0-bf30-453a-bfd9-f468c5258fe7"
          ],
          "pending": [],
          "skipped": [],
          "duration": 21108,
          "root": false,
          "rootEmpty": false,
          "_timeout": 2000
        }
      ],
      "passes": [],
      "failures": [],
      "pending": [],
      "skipped": [],
      "duration": 0,
      "root": true,
      "rootEmpty": true,
      "_timeout": 2000
    }
  ],
  "meta": {
    "mocha": {
      "version": "7.0.1"
    },
    "mochawesome": {
      "options": {
        "quiet": false,
        "reportFilename": "mochawesome",
        "saveHtml": false,
        "saveJson": true,
        "consoleReporter": "spec",
        "useInlineDiffs": false,
        "code": true
      },
      "version": "7.1.3"
    },
    "marge": {
      "options": {
        "reportDir": "cypress\\reports\\.jsons",
        "overwrite": false,
        "html": false,
        "json": true
      },
      "version": "6.2.0"
    }
  }
}