{
  "stats": {
    "suites": 1,
    "tests": 12,
    "passes": 11,
    "pending": 0,
    "failures": 1,
    "start": "2024-05-27T07:58:59.573Z",
    "end": "2024-05-27T08:03:11.906Z",
    "duration": 252333,
    "testsRegistered": 12,
    "passPercent": 91.66666666666666,
    "pendingPercent": 0,
    "other": 0,
    "hasOther": false,
    "skipped": 0,
    "hasSkipped": false
  },
  "results": [
    {
      "uuid": "06081d02-9d8c-4502-931d-d9a111587334",
      "title": "",
      "fullFile": "cypress\\e2e\\Dashboard.cy.js",
      "file": "cypress\\e2e\\Dashboard.cy.js",
      "beforeHooks": [],
      "afterHooks": [],
      "tests": [],
      "suites": [
        {
          "uuid": "d1660d02-3ce2-4bde-9ea2-bc3b9c8ec83e",
          "title": "Verifying Homepage",
          "fullFile": "",
          "file": "",
          "beforeHooks": [],
          "afterHooks": [],
          "tests": [
            {
              "title": "Verifying Hero Banner",
              "fullTitle": "Verifying Homepage Verifying Hero Banner",
              "timedOut": null,
              "duration": 29515,
              "state": "passed",
              "speed": "slow",
              "pass": true,
              "fail": false,
              "pending": false,
              "context": "[\n  {\n    \"title\": \"cypress-mochawesome-reporter-videos-passed\",\n    \"value\": \"cypress\\\\e2e\\\\Dashboard.cy.js\"\n  },\n  {\n    \"title\": \"cypress-mochawesome-reporter-videos-passed\",\n    \"value\": \"cypress\\\\e2e\\\\Dashboard.cy.js\"\n  }\n]",
              "code": "//cy.wait(6000)\ncy.get('.swiper-slide-active > .relative > .absolute').click();\ncy.get('.h-full > .text-center').contains('WOMEN - MICHAEL KORS');\ncy.wait(5000);\ncy.get(\"body > header:nth-child(2) > nav:nth-child(1) > div:nth-child(1) > a:nth-child(1)\").click();\ncy.get('.swiper-pagination > :nth-child(2)').click();\ncy.get('.swiper-slide-active > .relative > .absolute > .flex-col > .flex > .inline-flex').click();\ncy.get('.h-full > .text-center').contains('ALL DEPARTMENTS - CONVERSE');\ncy.get(\"body > header:nth-child(2) > nav:nth-child(1) > div:nth-child(1) > a:nth-child(1)\").click();\ncy.get('.swiper-pagination > :nth-child(3)').click();\ncy.get('.swiper-slide-active > .relative > .absolute > .flex-col > .flex > .inline-flex').click();\ncy.get('.h-full > .text-center').contains('ALL DEPARTMENTS - BIRKENSTOCK');\ncy.get(\"body > header:nth-child(2) > nav:nth-child(1) > div:nth-child(1) > a:nth-child(1)\").click();\ncy.get('.swiper-pagination > :nth-child(4)').click();\ncy.get('.swiper-slide-active > .relative > .absolute > .flex-col > .flex > .inline-flex').click();\ncy.get('.h-full > .text-center').contains('ALL DEPARTMENTS - NATIVE');\ncy.get(\"body > header:nth-child(2) > nav:nth-child(1) > div:nth-child(1) > a:nth-child(1)\").click();\n//nav menu first item\n//cy.get('.items-center> .flex > .text-black').eq(0).click({force:true})",
              "err": {},
              "uuid": "314b71e9-13f2-46bc-a9f9-1daa57fa42cc",
              "parentUUID": "d1660d02-3ce2-4bde-9ea2-bc3b9c8ec83e",
              "isHook": false,
              "skipped": false
            },
            {
              "title": "Verifying product slider",
              "fullTitle": "Verifying Homepage Verifying product slider",
              "timedOut": null,
              "duration": 19885,
              "state": "passed",
              "speed": "slow",
              "pass": true,
              "fail": false,
              "pending": false,
              "context": "[\n  {\n    \"title\": \"cypress-mochawesome-reporter-videos-passed\",\n    \"value\": \"cypress\\\\e2e\\\\Dashboard.cy.js\"\n  },\n  {\n    \"title\": \"cypress-mochawesome-reporter-videos-passed\",\n    \"value\": \"cypress\\\\e2e\\\\Dashboard.cy.js\"\n  }\n]",
              "code": "cy.scrollTo('center');\ncy.get(\"button[type='button']\").eq(0).contains('Shop now').click({\n  force: true\n});\ncy.wait(5000);\ncy.get('.h-full > .text-center').should('have.text', 'SALE');\ncy.get(\"body > header:nth-child(2) > nav:nth-child(1) > div:nth-child(1) > a:nth-child(1)\").click();\ncy.wait(5000);\n//cy.scrollTo('center')\n//cy.get(\".swiper-wrapper\").click()\n//body > main:nth-child(3) > div:nth-child(1) > div:nth-child(9) > div:nth-child(1) > div:nth-child(1) > div:nth-child(1) > div:nth-child(1) > div:nth-child(2) > div:nth-child(1) > div:nth-child(2) > div:nth-child(2) > div:nth-child(1)\n// cy.get('.flex> .rounded-lg> .items-center> .justify-center >.text-black').click({force:true})\n//cy.get('.py-5 >.justify-center').click()\n//cy.get(\"button[class='justify-center']\").click({force:true})",
              "err": {},
              "uuid": "420228fb-6ea3-4841-a988-40e188c967c1",
              "parentUUID": "d1660d02-3ce2-4bde-9ea2-bc3b9c8ec83e",
              "isHook": false,
              "skipped": false
            },
            {
              "title": "Carosoul slider",
              "fullTitle": "Verifying Homepage Carosoul slider",
              "timedOut": null,
              "duration": 14451,
              "state": "passed",
              "speed": "slow",
              "pass": true,
              "fail": false,
              "pending": false,
              "context": "[\n  {\n    \"title\": \"cypress-mochawesome-reporter-videos-passed\",\n    \"value\": \"cypress\\\\e2e\\\\Dashboard.cy.js\"\n  },\n  {\n    \"title\": \"cypress-mochawesome-reporter-videos-passed\",\n    \"value\": \"cypress\\\\e2e\\\\Dashboard.cy.js\"\n  }\n]",
              "code": "cy.scrollTo('center');\ncy.get('.flex-wrap > .font-extrabold').contains('BE READY FOR SUMMER WITH MICHAEL KORS').should('exist');\ncy.get(\"a:contains('Shop Now')\").click({\n  force: true\n});\ncy.wait(5000);\ncy.get(\"h3\").should('have.text', 'WOMEN - MICHAEL KORS');\ncy.get(\"body > header:nth-child(2) > nav:nth-child(1) > div:nth-child(1) > a:nth-child(1)\").click();",
              "err": {},
              "uuid": "17025ecc-f2f4-48e7-9779-0c7efbccd657",
              "parentUUID": "d1660d02-3ce2-4bde-9ea2-bc3b9c8ec83e",
              "isHook": false,
              "skipped": false
            },
            {
              "title": "Verifying Bulk ATC",
              "fullTitle": "Verifying Homepage Verifying Bulk ATC",
              "timedOut": null,
              "duration": 20609,
              "state": "passed",
              "speed": "slow",
              "pass": true,
              "fail": false,
              "pending": false,
              "context": "[\n  {\n    \"title\": \"cypress-mochawesome-reporter-videos-passed\",\n    \"value\": \"cypress\\\\e2e\\\\Dashboard.cy.js\"\n  },\n  {\n    \"title\": \"cypress-mochawesome-reporter-videos-passed\",\n    \"value\": \"cypress\\\\e2e\\\\Dashboard.cy.js\"\n  }\n]",
              "code": "cy.scrollTo('center');\ncy.get(\"button[data-contentful-field-id='ShopTheLook_button_text']\").click({\n  force: true\n});\ncy.get('form.w-full > .rounded-lg').eq(0).click();\ncy.wait(4000);\ncy.get('form.w-full > .rounded-lg').click();\ncy.get(\"button[class='w-full h-full items-center cursor-pointer hidden lg:block justify-end']\").click();\n//cy.get('.mt-auto > :nth-child(4) > a > .w-full').click()",
              "err": {},
              "uuid": "7d08d023-92ee-40e7-9720-a4d85e5a7097",
              "parentUUID": "d1660d02-3ce2-4bde-9ea2-bc3b9c8ec83e",
              "isHook": false,
              "skipped": false
            },
            {
              "title": "Verifying video dection",
              "fullTitle": "Verifying Homepage Verifying video dection",
              "timedOut": null,
              "duration": 13144,
              "state": "passed",
              "speed": "slow",
              "pass": true,
              "fail": false,
              "pending": false,
              "context": "[\n  {\n    \"title\": \"cypress-mochawesome-reporter-videos-passed\",\n    \"value\": \"cypress\\\\e2e\\\\Dashboard.cy.js\"\n  },\n  {\n    \"title\": \"cypress-mochawesome-reporter-videos-passed\",\n    \"value\": \"cypress\\\\e2e\\\\Dashboard.cy.js\"\n  }\n]",
              "code": "cy.scrollTo('center');\ncy.get('.relative > .flex > .font-extrabold').contains('SHOP FOR KIDS').should('exist');\ncy.get('.\\\\[\\\\&\\\\>a\\\\.transition\\\\]\\\\:text-\\\\[14px\\\\] > .inline-flex').click({\n  force: true\n});\ncy.get('.h-full > .text-center').should('have.text', 'KIDS');\ncy.get(\"body > header:nth-child(2) > nav:nth-child(1) > div:nth-child(1) > a:nth-child(1)\").click();",
              "err": {},
              "uuid": "a6d04cf6-2b79-41ba-9e3b-50ab277421f3",
              "parentUUID": "d1660d02-3ce2-4bde-9ea2-bc3b9c8ec83e",
              "isHook": false,
              "skipped": false
            },
            {
              "title": "Verifying converse section products",
              "fullTitle": "Verifying Homepage Verifying converse section products",
              "timedOut": null,
              "duration": 15547,
              "state": "passed",
              "speed": "slow",
              "pass": true,
              "fail": false,
              "pending": false,
              "context": "[\n  {\n    \"title\": \"cypress-mochawesome-reporter-videos-passed\",\n    \"value\": \"cypress\\\\e2e\\\\Dashboard.cy.js\"\n  },\n  {\n    \"title\": \"cypress-mochawesome-reporter-videos-passed\",\n    \"value\": \"cypress\\\\e2e\\\\Dashboard.cy.js\"\n  }\n]",
              "code": "cy.scrollTo('center');\ncy.wait(5000);\n//cy.get(':nth-child(1) > :nth-child(1) > .bg-\\[\\#F5F5F5\\].w-full > .\\[\\@media\\(max-width\\:1921px\\)\\]\\:max-w-\\[1920px\\] > .container > .w-auto')\ncy.get(\".container >.w-auto\").eq(0).click({\n  force: true\n});\ncy.get('.h-full > .text-center').should('have.text', 'ALL DEPARTMENTS - CONVERSE');\ncy.get(\"body > header:nth-child(2) > nav:nth-child(1) > div:nth-child(1) > a:nth-child(1)\").click(); //home-page\n//cy.get('.mt-auto > :nth-child(4) > a > .w-full').click()",
              "err": {},
              "uuid": "e35a96a1-1fca-4ff4-912c-e352dfc48d1b",
              "parentUUID": "d1660d02-3ce2-4bde-9ea2-bc3b9c8ec83e",
              "isHook": false,
              "skipped": false
            },
            {
              "title": "Verifying Skechers section products",
              "fullTitle": "Verifying Homepage Verifying Skechers section products",
              "timedOut": null,
              "duration": 15353,
              "state": "passed",
              "speed": "slow",
              "pass": true,
              "fail": false,
              "pending": false,
              "context": "[\n  {\n    \"title\": \"cypress-mochawesome-reporter-videos-passed\",\n    \"value\": \"cypress\\\\e2e\\\\Dashboard.cy.js\"\n  },\n  {\n    \"title\": \"cypress-mochawesome-reporter-videos-passed\",\n    \"value\": \"cypress\\\\e2e\\\\Dashboard.cy.js\"\n  }\n]",
              "code": "cy.scrollTo('center');\ncy.wait(5000);\n//cy.get(':nth-child(1) > :nth-child(1) > .bg-\\[\\#F5F5F5\\].w-full > .\\[\\@media\\(max-width\\:1921px\\)\\]\\:max-w-\\[1920px\\] > .container > .w-auto')\ncy.get(\".container >.w-auto\").eq(1).click({\n  force: true\n});\ncy.get('h3').should('have.text', 'ALL DEPARTMENTS - SKECHERS');\ncy.get(\"body > header:nth-child(2) > nav:nth-child(1) > div:nth-child(1) > a:nth-child(1)\").click(); //home-page",
              "err": {},
              "uuid": "9ba0870f-e350-4a51-9bc9-fef0559a3503",
              "parentUUID": "d1660d02-3ce2-4bde-9ea2-bc3b9c8ec83e",
              "isHook": false,
              "skipped": false
            },
            {
              "title": "Brand Scroller verification",
              "fullTitle": "Verifying Homepage Brand Scroller verification",
              "timedOut": null,
              "duration": 36882,
              "state": "passed",
              "speed": "slow",
              "pass": true,
              "fail": false,
              "pending": false,
              "context": "[\n  {\n    \"title\": \"cypress-mochawesome-reporter-videos-passed\",\n    \"value\": \"cypress\\\\e2e\\\\Dashboard.cy.js\"\n  },\n  {\n    \"title\": \"cypress-mochawesome-reporter-videos-passed\",\n    \"value\": \"cypress\\\\e2e\\\\Dashboard.cy.js\"\n  }\n]",
              "code": "cy.get('.brand-container > :nth-child(1) > .swiper').should('be.visible');\ncy.get('.swiper-slide-active > .w-full').eq(1).click({\n  force: true\n});\ncy.get('.h-full > .text-center').contains('ALL DEPARTMENTS - CROCS');\ncy.get(\"body > header:nth-child(2) > nav:nth-child(1) > div:nth-child(1) > a:nth-child(1)\").click();\ncy.wait(5000);\ncy.get(\".swiper-slide-next > .w-full\").should('be.visible').eq(1).click({\n  force: true\n});\ncy.get('.h-full > .text-center').contains('ALL DEPARTMENTS - CONVERSE');\ncy.get(\"body > header:nth-child(2) > nav:nth-child(1) > div:nth-child(1) > a:nth-child(1)\").click();\ncy.wait(5000);\ncy.get('[aria-label=\"3 / 10\"] > .w-full').should('be.visible').click({\n  force: true\n});\ncy.get('.h-full > .text-center').contains('ALL DEPARTMENTS - NIKE');\ncy.get(\"body > header:nth-child(2) > nav:nth-child(1) > div:nth-child(1) > a:nth-child(1)\").click();\ncy.wait(5000);\ncy.get('[aria-label=\"4 / 10\"] > .w-full').should('be.visible').click({\n  force: true\n});\ncy.get('.h-full > .text-center').contains('ALL DEPARTMENTS - PUMA');\ncy.get(\"body > header:nth-child(2) > nav:nth-child(1) > div:nth-child(1) > a:nth-child(1)\").click();\ncy.wait(5000);\ncy.get('[aria-label=\"5 / 10\"] > .w-full').should('be.visible').click({\n  force: true\n});\ncy.get('.h-full > .text-center').contains('ALL DEPARTMENTS - ADIDAS');\ncy.get(\"body > header:nth-child(2) > nav:nth-child(1) > div:nth-child(1) > a:nth-child(1)\").click();",
              "err": {},
              "uuid": "2bbfef35-87ac-460d-922c-6b3fbe7bf099",
              "parentUUID": "d1660d02-3ce2-4bde-9ea2-bc3b9c8ec83e",
              "isHook": false,
              "skipped": false
            },
            {
              "title": "Highlited collection section verification",
              "fullTitle": "Verifying Homepage Highlited collection section verification",
              "timedOut": null,
              "duration": 38216,
              "state": "passed",
              "speed": "slow",
              "pass": true,
              "fail": false,
              "pending": false,
              "context": "[\n  {\n    \"title\": \"cypress-mochawesome-reporter-videos-passed\",\n    \"value\": \"cypress\\\\e2e\\\\Dashboard.cy.js\"\n  },\n  {\n    \"title\": \"cypress-mochawesome-reporter-videos-passed\",\n    \"value\": \"cypress\\\\e2e\\\\Dashboard.cy.js\"\n  }\n]",
              "code": "cy.scrollTo('bottom');\ncy.get('.py-4> :nth-child(1)').eq(1).click({\n  force: true\n});\ncy.get('.boxContainer > .text-black').should('have.text', 'Returns');\ncy.get('.p-0 > .py-4').click();\ncy.wait(5000);\ncy.scrollTo('bottom');\ncy.get('.py-4> :nth-child(1)').eq(2).click({\n  force: true\n});\ncy.get('.hero-banner').contains('STORE LOCATOR');\ncy.get(\"body > header:nth-child(2) > nav:nth-child(1) > div:nth-child(1) > a:nth-child(1)\").click();\ncy.wait(5000);\ncy.scrollTo('bottom');\ncy.get('.py-4> :nth-child(1)').eq(3).click({\n  force: true\n});\ncy.get('h3').contains('SIZE GUIDE');\ncy.get(\"body > header:nth-child(2) > nav:nth-child(1) > div:nth-child(1) > a:nth-child(1)\").click();\ncy.wait(5000);\ncy.scrollTo('bottom');\ncy.get('.py-4> :nth-child(1)').eq(0).click({\n  force: true\n});\ncy.get('.faq-banner-heading').should('have.text', 'frequently asked questions');\ncy.get(\"body > header:nth-child(2) > nav:nth-child(1) > div:nth-child(1) > a:nth-child(1)\").click();",
              "err": {},
              "uuid": "6bfc03fd-c182-4dd5-9670-788a88ff6c7b",
              "parentUUID": "d1660d02-3ce2-4bde-9ea2-bc3b9c8ec83e",
              "isHook": false,
              "skipped": false
            },
            {
              "title": "Instagram section verification",
              "fullTitle": "Verifying Homepage Instagram section verification",
              "timedOut": null,
              "duration": 15850,
              "state": "passed",
              "speed": "slow",
              "pass": true,
              "fail": false,
              "pending": false,
              "context": "[\n  {\n    \"title\": \"cypress-mochawesome-reporter-videos-passed\",\n    \"value\": \"cypress\\\\e2e\\\\Dashboard.cy.js\"\n  },\n  {\n    \"title\": \"cypress-mochawesome-reporter-videos-passed\",\n    \"value\": \"cypress\\\\e2e\\\\Dashboard.cy.js\"\n  }\n]",
              "code": "cy.scrollTo(\"bottom\");\ncy.get('[style=\"min-height: 100px; position: relative;\"] > .container > .text-black').should(\"have.text\", \"FOLLOW US ON INSTAGRAM\");\n//cy.get('.text-blue').click({force:true})\ncy.get(\"div[id='KHWHNUVMmnqbaVF2EHOLc'] button:nth-child(1)\").should(\"be.visible\").click({\n  force: true\n});\ncy.get(\".p-0 > .text-black\").should(\"have.text\", \"SHOP THIS LOOK\");\ncy.get(\".absolute > .bg-black\").click();\n//cy.get('[data-carousel-next=\"true\"]').click()\n//cy.get('[data-carousel-next=\"true\"]').click()\n// cy.get('[data-carousel-next=\"true\"]').click()\nfor (let i = 0; i < 4; i++) {\n  cy.get('[data-carousel-next=\"true\"]').click();\n}\ncy.log(\"All slider completed\");\nfor (let i = 0; i < 5; i++) {\n  cy.get('[data-carousel-prev=\"true\"]').click();\n}\ncy.log(\"All slider completed\");\ncy.get(\"a[class='w-full h-full flex rb-product-thumb']\").click({\n  force: true\n}); //a[class='w-full h-full flex rb-product-thumb']",
              "err": {},
              "uuid": "24b04083-0883-4b42-87e3-866ea414f54b",
              "parentUUID": "d1660d02-3ce2-4bde-9ea2-bc3b9c8ec83e",
              "isHook": false,
              "skipped": false
            },
            {
              "title": "Verifying static feature section & Membership ATC",
              "fullTitle": "Verifying Homepage Verifying static feature section & Membership ATC",
              "timedOut": null,
              "duration": 19567,
              "state": "passed",
              "speed": "slow",
              "pass": true,
              "fail": false,
              "pending": false,
              "context": "[\n  {\n    \"title\": \"cypress-mochawesome-reporter-videos-passed\",\n    \"value\": \"cypress\\\\e2e\\\\Dashboard.cy.js\"\n  },\n  {\n    \"title\": \"cypress-mochawesome-reporter-videos-passed\",\n    \"value\": \"cypress\\\\e2e\\\\Dashboard.cy.js\"\n  }\n]",
              "code": "cy.scrollTo(\"bottom\");\ncy.get('.container > :nth-child(1) > .text-center').should('have.text', 'BECOME A RUBINO MEMBER');\ncy.get(\"button[type='submit']\").contains(' ADD TO CART').click({\n  force: true\n});\ncy.wait(4000);\ncy.log(\"ATC visible\");\ncy.get('.cart-line-quantity > .flex-row > :nth-child(3) > .cursor-pointer').click({\n  force: true\n});\ncy.get(\"button[type='submit']\").eq(0).click({\n  force: true\n});\ncy.get('h3').should('have.text', 'Your cart is empty');\ncy.get(\"button[class='w-full h-full items-center cursor-pointer hidden lg:block justify-end']\").click();",
              "err": {},
              "uuid": "c9e54783-00bd-4022-a1d2-ccc2409a9af7",
              "parentUUID": "d1660d02-3ce2-4bde-9ea2-bc3b9c8ec83e",
              "isHook": false,
              "skipped": false
            },
            {
              "title": "Verifying footer sections",
              "fullTitle": "Verifying Homepage Verifying footer sections",
              "timedOut": null,
              "duration": 12919,
              "state": "failed",
              "speed": null,
              "pass": false,
              "fail": true,
              "pending": false,
              "context": "[\n  {\n    \"title\": \"cypress-mochawesome-reporter-videos-failed\",\n    \"value\": \"cypress\\\\e2e\\\\Dashboard.cy.js\"\n  },\n  {\n    \"title\": \"cypress-mochawesome-reporter-screenshots\",\n    \"value\": [\n      [\n        \"\\\\Dashboard.cy.js\\\\Verifying Homepage -- Verifying footer sections (failed).png\"\n      ]\n    ]\n  },\n  {\n    \"title\": \"cypress-mochawesome-reporter-videos-failed\",\n    \"value\": \"cypress\\\\e2e\\\\Dashboard.cy.js\"\n  }\n]",
              "code": "cy.scrollTo(\"bottom\");\ncy.get('[href=\"/privacy-policy/\"]').click({\n  force: true\n});\ncy.wait(4000);\ncy.get(\"body > header:nth-child(2) > nav:nth-child(1) > div:nth-child(1) > a:nth-child(1)\").click();\ncy.get('[href=\"/terms-conditions/\"]').click({\n  force: true\n});\ncy.wait(4000);\n// FAQ, ONLINE RETURNS, SIZE GUIDE\ncy.get(\"body > header:nth-child(2) > nav:nth-child(1) > div:nth-child(1) > a:nth-child(1)\").click();\ncy.get(':nth-child(2) > .text-zinc-800').click({\n  force: true\n});\ncy.wait(4000);\ncy.get(\"body > header:nth-child(2) > nav:nth-child(1) > div:nth-child(1) > a:nth-child(1)\").click();\ncy.get(':nth-child(3) > .text-zinc-800').click({\n  force: true\n});\ncy.wait(4000);\ncy.get('.p-0 > .py-4').click();\ncy.get(':nth-child(4) > .text-zinc-800').click({\n  force: true\n});\ncy.wait(4000);\ncy.get(\"body > header:nth-child(2) > nav:nth-child(1) > div:nth-child(1) > a:nth-child(1)\").click();\n//about,store,career,contact\ncy.get('.grid> :nth-child(1) > .text-black').click({\n  force: true\n});\ncy.get('.grid> :nth-child(2) > .text-black').click({\n  force: true\n});\ncy.get('.grid> :nth-child(3) > .text-black').click({\n  force: true\n});\ncy.get('.grid > :nth-child(4)> .text-black').click({\n  force: true\n});\ncy.on(\"window:confirm\", t => {\n  expect(t).to.contains('Know your location');\n});\ncy.get(\"body > header:nth-child(2) > nav:nth-child(1) > div:nth-child(1) > a:nth-child(1)\").click();",
              "err": {
                "message": "AssertionError: Timed out retrying after 4000ms: Expected to find element: `[href=\"/privacy-policy/\"]`, but never found it.",
                "estack": "AssertionError: Timed out retrying after 4000ms: Expected to find element: `[href=\"/privacy-policy/\"]`, but never found it.\n    at Context.eval (webpack:///./cypress/e2e/Dashboard.cy.js:224:7)",
                "diff": null
              },
              "uuid": "4fc2d35f-432f-4133-8b4c-1a4373f85826",
              "parentUUID": "d1660d02-3ce2-4bde-9ea2-bc3b9c8ec83e",
              "isHook": false,
              "skipped": false
            }
          ],
          "suites": [],
          "passes": [
            "314b71e9-13f2-46bc-a9f9-1daa57fa42cc",
            "420228fb-6ea3-4841-a988-40e188c967c1",
            "17025ecc-f2f4-48e7-9779-0c7efbccd657",
            "7d08d023-92ee-40e7-9720-a4d85e5a7097",
            "a6d04cf6-2b79-41ba-9e3b-50ab277421f3",
            "e35a96a1-1fca-4ff4-912c-e352dfc48d1b",
            "9ba0870f-e350-4a51-9bc9-fef0559a3503",
            "2bbfef35-87ac-460d-922c-6b3fbe7bf099",
            "6bfc03fd-c182-4dd5-9670-788a88ff6c7b",
            "24b04083-0883-4b42-87e3-866ea414f54b",
            "c9e54783-00bd-4022-a1d2-ccc2409a9af7"
          ],
          "failures": [
            "4fc2d35f-432f-4133-8b4c-1a4373f85826"
          ],
          "pending": [],
          "skipped": [],
          "duration": 251938,
          "root": false,
          "rootEmpty": false,
          "_timeout": 2000
        }
      ],
      "passes": [],
      "failures": [],
      "pending": [],
      "skipped": [],
      "duration": 0,
      "root": true,
      "rootEmpty": true,
      "_timeout": 2000
    }
  ],
  "meta": {
    "mocha": {
      "version": "7.0.1"
    },
    "mochawesome": {
      "options": {
        "quiet": false,
        "reportFilename": "mochawesome",
        "saveHtml": false,
        "saveJson": true,
        "consoleReporter": "spec",
        "useInlineDiffs": false,
        "code": true
      },
      "version": "7.1.3"
    },
    "marge": {
      "options": {
        "reportDir": "cypress\\reports\\.jsons",
        "overwrite": false,
        "html": false,
        "json": true
      },
      "version": "6.2.0"
    }
  }
}